Arguments: 
  /snap/node/3292/bin/node /snap/node/3292/bin/yarn.js global dir

PATH: 
  /usr/local/lib/node_modules/npm/node_modules/npm-lifecycle/node-gyp-bin:/home/sintti/Koodausopinnot/Mooc/full_stack/osa10/rate-repository-app/node_modules/.bin:/home/sintti/anaconda3/bin:/home/sintti/anaconda3/condabin:/home/sintti/bin:/home/sintti/.local/bin:/usr/local/sbin:/usr/local/bin:/usr/sbin:/usr/bin:/sbin:/bin:/usr/games:/usr/local/games:/snap/bin:/home/sintti/.dotnet/tools:/home/sintti/.dotnet/tools:/opt/mssql-tools/bin:/opt/mssql-tools/bin:~/azuredatastudio-linux-x64

Yarn version: 
  1.22.5

Node version: 
  12.19.0

Platform: 
  linux x64

Trace: 
  Error: EACCES: permission denied, write
      at writeSync (fs.js:679:3)
      at SyncWriteStream._write (internal/fs/sync_write_stream.js:24:3)
      at doWrite (_stream_writable.js:403:12)
      at writeOrBuffer (_stream_writable.js:387:5)
      at SyncWriteStream.Writable.write (_stream_writable.js:318:11)
      at ConsoleReporter._log (/snap/node/3292/lib/cli.js:96770:17)
      at ConsoleReporter.log (/snap/node/3292/lib/cli.js:96758:10)
      at dir (/snap/node/3292/lib/cli.js:36256:14)
      at Object.<anonymous> (/snap/node/3292/lib/cli.js:25940:25)
      at Generator.next (<anonymous>)

npm manifest: 
  {
    "main": "node_modules/expo/AppEntry.js",
    "scripts": {
      "start": "expo start",
      "android": "expo start --android",
      "ios": "expo start --ios",
      "web": "expo start --web",
      "eject": "expo eject",
      "lint": "eslint ./src/**/*.{js,jsx} App.js --no-error-on-unmatched-pattern",
      "test": "jest"
    },
    "jest": {
      "preset": "jest-expo",
      "transform": {
        "^.+\\.jsx?$": "babel-jest"
      },
      "transformIgnorePatterns": [
        "node_modules/(?!(jest-)?react-native|react-clone-referenced-element|@react-native-community|expo(nent)?|@expo(nent)?/.*|react-navigation|@react-navigation/.*|@unimodules/.*|unimodules|sentry-expo|native-base|@sentry/.*|react-router-native)"
      ]
    },
    "dependencies": {
      "@apollo/react-hooks": "^4.0.0",
      "apollo-boost": "^0.4.9",
      "dotenv": "^8.2.0",
      "expo": "^38.0.10",
      "expo-constants": "~9.1.1",
      "expo-status-bar": "^1.0.2",
      "formik": "^2.2.6",
      "graphql": "^15.5.0",
      "react": "~16.11.0",
      "react-dom": "~16.11.0",
      "react-native": "https://github.com/expo/react-native/archive/sdk-38.0.2.tar.gz",
      "react-native-web": "~0.11.7",
      "react-router-native": "^5.2.0",
      "yup": "^0.32.8",
      "@react-native-community/async-storage": "~1.11.0"
    },
    "devDependencies": {
      "@babel/core": "^7.8.6",
      "@expo/webpack-config": "^0.12.53",
      "@testing-library/jest-native": "^3.4.3",
      "@testing-library/react-native": "^7.1.0",
      "babel-eslint": "^10.1.0",
      "babel-preset-expo": "~8.1.0",
      "eslint": "^7.18.0",
      "eslint-plugin-react": "^7.22.0"
    },
    "private": true
  }

yarn manifest: 
  No manifest

Lockfile: 
  No lockfile
